[debug] [2021-07-12T14:56:10.026Z] ----------------------------------------------------------------------
[debug] [2021-07-12T14:56:10.029Z] Command:       /home/tashpjak/.nvm/versions/node/v14.17.1/bin/node /home/tashpjak/.nvm/versions/node/v14.17.1/bin/firebase emulators:start
[debug] [2021-07-12T14:56:10.030Z] CLI Version:   9.14.0
[debug] [2021-07-12T14:56:10.030Z] Platform:      linux
[debug] [2021-07-12T14:56:10.030Z] Node Version:  v14.17.1
[debug] [2021-07-12T14:56:10.030Z] Time:          Mon Jul 12 2021 16:56:10 GMT+0200 (Central European Summer Time)
[debug] [2021-07-12T14:56:10.031Z] ----------------------------------------------------------------------
[debug] 
[debug] [2021-07-12T14:56:10.033Z] >>> [apiv2][query] GET https://firebase-public.firebaseio.com/cli.json [none]
[debug] [2021-07-12T14:56:10.055Z] > command requires scopes: ["email","openid","https://www.googleapis.com/auth/cloudplatformprojects.readonly","https://www.googleapis.com/auth/firebase","https://www.googleapis.com/auth/cloud-platform"]
[debug] [2021-07-12T14:56:10.056Z] > authorizing via signed-in user (tashpulatov.jakhongir@gmail.com)
[info] i  emulators: Starting emulators: auth, functions, firestore, pubsub {"metadata":{"emulator":{"name":"hub"},"message":"Starting emulators: auth, functions, firestore, pubsub"}}
[debug] [2021-07-12T14:56:10.080Z] [hub] writing locator at /tmp/hub-budik-905a7.json
[warn] ⚠  functions: The following emulators are not running, calls to these services from the Functions emulator will affect production: database, hosting, storage {"metadata":{"emulator":{"name":"functions"},"message":"The following emulators are not running, calls to these services from the Functions emulator will affect production: \u001b[1mdatabase, hosting, storage\u001b[22m"}}
[info] ✔  functions: Using node@14 from host. {"metadata":{"emulator":{"name":"functions"},"message":"Using node@14 from host."}}
[debug] [2021-07-12T14:56:10.122Z] defaultcredentials: writing to file /home/tashpjak/.config/firebase/tashpulatov_jakhongir_gmail.com_application_default_credentials.json
[debug] [2021-07-12T14:56:10.126Z] Setting GAC to /home/tashpjak/.config/firebase/tashpulatov_jakhongir_gmail.com_application_default_credentials.json {"metadata":{"emulator":{"name":"functions"},"message":"Setting GAC to /home/tashpjak/.config/firebase/tashpulatov_jakhongir_gmail.com_application_default_credentials.json"}}
[debug] [2021-07-12T14:56:10.128Z] > refreshing access token with scopes: []
[debug] [2021-07-12T14:56:10.129Z] >>> HTTP REQUEST POST https://www.googleapis.com/oauth2/v3/token  
 <request body omitted>
[debug] [2021-07-12T14:56:10.233Z] <<< HTTP RESPONSE 200 {"date":"Mon, 12 Jul 2021 14:56:10 GMT","cache-control":"no-cache, no-store, max-age=0, must-revalidate","pragma":"no-cache","expires":"Mon, 01 Jan 1990 00:00:00 GMT","content-type":"application/json; charset=utf-8","vary":"X-Origin, Referer, Origin,Accept-Encoding","server":"scaffolding on HTTPServer2","x-xss-protection":"0","x-frame-options":"SAMEORIGIN","x-content-type-options":"nosniff","alt-svc":"h3=\":443\"; ma=2592000,h3-29=\":443\"; ma=2592000,h3-T051=\":443\"; ma=2592000,h3-Q050=\":443\"; ma=2592000,h3-Q046=\":443\"; ma=2592000,h3-Q043=\":443\"; ma=2592000,quic=\":443\"; ma=2592000; v=\"46,43\"","accept-ranges":"none","transfer-encoding":"chunked"}
[debug] [2021-07-12T14:56:10.273Z] >>> [apiv2][query] GET https://firebase.googleapis.com/v1beta1/projects/budik-905a7/adminSdkConfig [none]
[debug] [2021-07-12T14:56:10.545Z] <<< [apiv2][status] GET https://firebase-public.firebaseio.com/cli.json 200
[debug] [2021-07-12T14:56:10.546Z] <<< [apiv2][body] GET https://firebase-public.firebaseio.com/cli.json {"cloudBuildErrorAfter":1594252800000,"cloudBuildWarnAfter":1590019200000,"defaultNode10After":1594252800000,"minVersion":"3.0.5","node8DeploysDisabledAfter":1613390400000,"node8RuntimeDisabledAfter":1615809600000,"node8WarnAfter":1600128000000}
[debug] [2021-07-12T14:56:10.649Z] <<< [apiv2][status] GET https://firebase.googleapis.com/v1beta1/projects/budik-905a7/adminSdkConfig 200
[debug] [2021-07-12T14:56:10.649Z] <<< [apiv2][body] GET https://firebase.googleapis.com/v1beta1/projects/budik-905a7/adminSdkConfig {"projectId":"budik-905a7","storageBucket":"budik-905a7.appspot.com","locationId":"europe-west"}
[debug] [2021-07-12T14:56:10.686Z] Ignoring unsupported arg: projectId {"metadata":{"emulator":{"name":"firestore"},"message":"Ignoring unsupported arg: projectId"}}
[debug] [2021-07-12T14:56:10.686Z] Ignoring unsupported arg: auto_download {"metadata":{"emulator":{"name":"firestore"},"message":"Ignoring unsupported arg: auto_download"}}
[debug] [2021-07-12T14:56:10.687Z] Starting Firestore Emulator with command {"binary":"java","args":["-Dgoogle.cloud_firestore.debug_log_level=FINE","-Duser.language=en","-jar","/home/tashpjak/.cache/firebase/emulators/cloud-firestore-emulator-v1.13.0.jar","--host","localhost","--port",8080,"--rules","/home/tashpjak/Projects/budik/firestore.rules","--functions_emulator","localhost:5001"],"optionalArgs":["port","webchannel_port","host","rules","functions_emulator","seed_from_export"],"joinArgs":false} {"metadata":{"emulator":{"name":"firestore"},"message":"Starting Firestore Emulator with command {\"binary\":\"java\",\"args\":[\"-Dgoogle.cloud_firestore.debug_log_level=FINE\",\"-Duser.language=en\",\"-jar\",\"/home/tashpjak/.cache/firebase/emulators/cloud-firestore-emulator-v1.13.0.jar\",\"--host\",\"localhost\",\"--port\",8080,\"--rules\",\"/home/tashpjak/Projects/budik/firestore.rules\",\"--functions_emulator\",\"localhost:5001\"],\"optionalArgs\":[\"port\",\"webchannel_port\",\"host\",\"rules\",\"functions_emulator\",\"seed_from_export\"],\"joinArgs\":false}"}}
[info] i  firestore: Firestore Emulator logging to firestore-debug.log {"metadata":{"emulator":{"name":"firestore"},"message":"Firestore Emulator logging to \u001b[1mfirestore-debug.log\u001b[22m"}}
[debug] [2021-07-12T14:56:12.170Z] Jul 12, 2021 4:56:12 PM com.google.cloud.datastore.emulator.firestore.websocket.WebSocketServer start
INFO: Started WebSocket server on ws://localhost:33365
 {"metadata":{"emulator":{"name":"firestore"},"message":"Jul 12, 2021 4:56:12 PM com.google.cloud.datastore.emulator.firestore.websocket.WebSocketServer start\nINFO: Started WebSocket server on ws://localhost:33365\n"}}
[debug] [2021-07-12T14:56:12.232Z] API endpoint: http:// {"metadata":{"emulator":{"name":"firestore"},"message":"API endpoint: http://"}}
[debug] [2021-07-12T14:56:12.233Z] localhost:8080
If you are using a library that supports the FIRESTORE_EMULATOR_HOST environment variable, run:

   export FIRESTORE_EMULATOR_HOST=localhost:8080

Dev App Server is now running.

 {"metadata":{"emulator":{"name":"firestore"},"message":"localhost:8080\nIf you are using a library that supports the FIRESTORE_EMULATOR_HOST environment variable, run:\n\n   export FIRESTORE_EMULATOR_HOST=localhost:8080\n\nDev App Server is now running.\n\n"}}
[debug] [2021-07-12T14:56:15.979Z] Ignoring unsupported arg: projectId {"metadata":{"emulator":{"name":"pubsub"},"message":"Ignoring unsupported arg: projectId"}}
[debug] [2021-07-12T14:56:15.980Z] Ignoring unsupported arg: auto_download {"metadata":{"emulator":{"name":"pubsub"},"message":"Ignoring unsupported arg: auto_download"}}
[debug] [2021-07-12T14:56:15.980Z] Starting Pub/Sub Emulator with command {"binary":"/home/tashpjak/.cache/firebase/emulators/pubsub-emulator-0.1.0/pubsub-emulator/bin/cloud-pubsub-emulator","args":["--host=localhost","--port=8085"],"optionalArgs":["port","host"],"joinArgs":true} {"metadata":{"emulator":{"name":"pubsub"},"message":"Starting Pub/Sub Emulator with command {\"binary\":\"/home/tashpjak/.cache/firebase/emulators/pubsub-emulator-0.1.0/pubsub-emulator/bin/cloud-pubsub-emulator\",\"args\":[\"--host=localhost\",\"--port=8085\"],\"optionalArgs\":[\"port\",\"host\"],\"joinArgs\":true}"}}
[info] i  pubsub: Pub/Sub Emulator logging to pubsub-debug.log {"metadata":{"emulator":{"name":"pubsub"},"message":"Pub/Sub Emulator logging to \u001b[1mpubsub-debug.log\u001b[22m"}}
[debug] [2021-07-12T14:56:16.171Z] This is the Google Pub/Sub fake.
 {"metadata":{"emulator":{"name":"pubsub"},"message":"This is the Google Pub/Sub fake.\n"}}
[debug] [2021-07-12T14:56:16.171Z] Implementation may be incomplete or differ from the real system.
 {"metadata":{"emulator":{"name":"pubsub"},"message":"Implementation may be incomplete or differ from the real system.\n"}}
[debug] [2021-07-12T14:56:16.236Z] Jul 12, 2021 4:56:16 PM com.google.cloud.pubsub.testing.v1.Main main
INFO: IAM integration is disabled. IAM policy methods and ACL checks are not supported
 {"metadata":{"emulator":{"name":"pubsub"},"message":"Jul 12, 2021 4:56:16 PM com.google.cloud.pubsub.testing.v1.Main main\nINFO: IAM integration is disabled. IAM policy methods and ACL checks are not supported\n"}}
[debug] [2021-07-12T14:56:17.028Z] Jul 12, 2021 4:56:17 PM io.gapi.emulators.netty.NettyUtil applyJava7LongHostnameWorkaround
INFO: Applied Java 7 long hostname workaround.
 {"metadata":{"emulator":{"name":"pubsub"},"message":"Jul 12, 2021 4:56:17 PM io.gapi.emulators.netty.NettyUtil applyJava7LongHostnameWorkaround\nINFO: Applied Java 7 long hostname workaround.\n"}}
[debug] [2021-07-12T14:56:17.169Z] Jul 12, 2021 4:56:17 PM com.google.cloud.pubsub.testing.v1.Main main
INFO: Server started, listening on 8085
 {"metadata":{"emulator":{"name":"pubsub"},"message":"Jul 12, 2021 4:56:17 PM com.google.cloud.pubsub.testing.v1.Main main\nINFO: Server started, listening on 8085\n"}}
[debug] [2021-07-12T14:56:17.269Z] Ignoring unsupported arg: auto_download {"metadata":{"emulator":{"name":"ui"},"message":"Ignoring unsupported arg: auto_download"}}
[debug] [2021-07-12T14:56:17.269Z] Ignoring unsupported arg: port {"metadata":{"emulator":{"name":"ui"},"message":"Ignoring unsupported arg: port"}}
[debug] [2021-07-12T14:56:17.270Z] Starting Emulator UI with command {"binary":"node","args":["/home/tashpjak/.cache/firebase/emulators/ui-v1.5.0/server.bundle.js"],"optionalArgs":[],"joinArgs":false} {"metadata":{"emulator":{"name":"ui"},"message":"Starting Emulator UI with command {\"binary\":\"node\",\"args\":[\"/home/tashpjak/.cache/firebase/emulators/ui-v1.5.0/server.bundle.js\"],\"optionalArgs\":[],\"joinArgs\":false}"}}
[info] i  ui: Emulator UI logging to ui-debug.log {"metadata":{"emulator":{"name":"ui"},"message":"Emulator UI logging to \u001b[1mui-debug.log\u001b[22m"}}
[debug] [2021-07-12T14:56:17.472Z] Web / API server started at http://localhost:4000
 {"metadata":{"emulator":{"name":"ui"},"message":"Web / API server started at http://localhost:4000\n"}}
[info] i  functions: Watching "/home/tashpjak/Projects/budik/functions" for Cloud Functions... {"metadata":{"emulator":{"name":"functions"},"message":"Watching \"/home/tashpjak/Projects/budik/functions\" for Cloud Functions..."}}
[debug] [2021-07-12T14:56:17.584Z] [worker-pool] addWorker(~diagnostic~) {"metadata":{"emulator":{"name":"functions"},"message":"[worker-pool] addWorker(~diagnostic~)"}}
[debug] [2021-07-12T14:56:17.584Z] [worker-pool] Adding worker with key ~diagnostic~, total=1 {"metadata":{"emulator":{"name":"functions"},"message":"[worker-pool] Adding worker with key ~diagnostic~, total=1"}}
[debug] [2021-07-12T14:56:17.585Z] [worker-pool] submitWork(triggerId=) {"metadata":{"emulator":{"name":"functions"},"message":"[worker-pool] submitWork(triggerId=)"}}
[debug] [2021-07-12T14:56:17.585Z] [worker-~diagnostic~-8c2ea360-3dea-44c6-8707-d14e0f9e364d]: Assigning socketPath: /tmp/fire_emu_256973.sock {"metadata":{"emulator":{"name":"functions"},"message":"[worker-~diagnostic~-8c2ea360-3dea-44c6-8707-d14e0f9e364d]: Assigning socketPath: /tmp/fire_emu_256973.sock"}}
[debug] [2021-07-12T14:56:17.594Z] [worker-~diagnostic~-8c2ea360-3dea-44c6-8707-d14e0f9e364d]: BUSY {"metadata":{"emulator":{"name":"functions"},"message":"[worker-~diagnostic~-8c2ea360-3dea-44c6-8707-d14e0f9e364d]: BUSY"}}
[debug] [2021-07-12T14:56:17.606Z] Jul 12, 2021 4:56:17 PM io.gapi.emulators.grpc.GrpcServer$3 operationComplete
INFO: Adding handler(s) to newly registered Channel.
 {"metadata":{"emulator":{"name":"pubsub"},"message":"Jul 12, 2021 4:56:17 PM io.gapi.emulators.grpc.GrpcServer$3 operationComplete\nINFO: Adding handler(s) to newly registered Channel.\n"}}
[debug] [2021-07-12T14:56:18.041Z] [runtime-status] [256973] Functions runtime initialized. {"cwd":"/home/tashpjak/Projects/budik/functions","node_version":"14.17.1"} {"metadata":{"emulator":{"name":"functions"},"message":"[runtime-status] [256973] Functions runtime initialized. {\"cwd\":\"/home/tashpjak/Projects/budik/functions\",\"node_version\":\"14.17.1\"}"}}
[debug] [2021-07-12T14:56:18.049Z] [runtime-status] [256973] Disabled runtime features: undefined {"metadata":{"emulator":{"name":"functions"},"message":"[runtime-status] [256973] Disabled runtime features: undefined"}}
[debug] [2021-07-12T14:56:18.052Z] [runtime-status] [256973] Resolved module firebase-admin {"declared":true,"installed":true,"version":"9.9.0","resolution":"/home/tashpjak/Projects/budik/functions/node_modules/firebase-admin/lib/index.js"} {"metadata":{"emulator":{"name":"functions"},"message":"[runtime-status] [256973] Resolved module firebase-admin {\"declared\":true,\"installed\":true,\"version\":\"9.9.0\",\"resolution\":\"/home/tashpjak/Projects/budik/functions/node_modules/firebase-admin/lib/index.js\"}"}}
[debug] [2021-07-12T14:56:18.058Z] [runtime-status] [256973] Resolved module firebase-functions {"declared":true,"installed":true,"version":"3.14.1","resolution":"/home/tashpjak/Projects/budik/functions/node_modules/firebase-functions/lib/index.js"} {"metadata":{"emulator":{"name":"functions"},"message":"[runtime-status] [256973] Resolved module firebase-functions {\"declared\":true,\"installed\":true,\"version\":\"3.14.1\",\"resolution\":\"/home/tashpjak/Projects/budik/functions/node_modules/firebase-functions/lib/index.js\"}"}}
[debug] [2021-07-12T14:56:18.059Z] [runtime-status] [256973] Resolved module firebase-functions {"declared":true,"installed":true,"version":"3.14.1","resolution":"/home/tashpjak/Projects/budik/functions/node_modules/firebase-functions/lib/index.js"} {"metadata":{"emulator":{"name":"functions"},"message":"[runtime-status] [256973] Resolved module firebase-functions {\"declared\":true,\"installed\":true,\"version\":\"3.14.1\",\"resolution\":\"/home/tashpjak/Projects/budik/functions/node_modules/firebase-functions/lib/index.js\"}"}}
[debug] [2021-07-12T14:56:18.059Z] [runtime-status] [256973] Set PUBSUB_EMULATOR_HOST to localhost:8085 {"metadata":{"emulator":{"name":"functions"},"message":"[runtime-status] [256973] Set PUBSUB_EMULATOR_HOST to localhost:8085"}}
[debug] [2021-07-12T14:56:18.070Z] [runtime-status] [256973] Outgoing network have been stubbed. [{"name":"http","status":"mocked"},{"name":"http","status":"mocked"},{"name":"https","status":"mocked"},{"name":"https","status":"mocked"},{"name":"net","status":"mocked"}] {"metadata":{"emulator":{"name":"functions"},"message":"[runtime-status] [256973] Outgoing network have been stubbed. [{\"name\":\"http\",\"status\":\"mocked\"},{\"name\":\"http\",\"status\":\"mocked\"},{\"name\":\"https\",\"status\":\"mocked\"},{\"name\":\"https\",\"status\":\"mocked\"},{\"name\":\"net\",\"status\":\"mocked\"}]"}}
[debug] [2021-07-12T14:56:18.071Z] [runtime-status] [256973] Resolved module firebase-functions {"declared":true,"installed":true,"version":"3.14.1","resolution":"/home/tashpjak/Projects/budik/functions/node_modules/firebase-functions/lib/index.js"} {"metadata":{"emulator":{"name":"functions"},"message":"[runtime-status] [256973] Resolved module firebase-functions {\"declared\":true,\"installed\":true,\"version\":\"3.14.1\",\"resolution\":\"/home/tashpjak/Projects/budik/functions/node_modules/firebase-functions/lib/index.js\"}"}}
[debug] [2021-07-12T14:56:18.152Z] [runtime-status] [256973] Checked functions.config() {"config":{}} {"metadata":{"emulator":{"name":"functions"},"message":"[runtime-status] [256973] Checked functions.config() {\"config\":{}}"}}
[debug] [2021-07-12T14:56:18.155Z] [runtime-status] [256973] firebase-functions has been stubbed. {"functionsResolution":{"declared":true,"installed":true,"version":"3.14.1","resolution":"/home/tashpjak/Projects/budik/functions/node_modules/firebase-functions/lib/index.js"}} {"metadata":{"emulator":{"name":"functions"},"message":"[runtime-status] [256973] firebase-functions has been stubbed. {\"functionsResolution\":{\"declared\":true,\"installed\":true,\"version\":\"3.14.1\",\"resolution\":\"/home/tashpjak/Projects/budik/functions/node_modules/firebase-functions/lib/index.js\"}}"}}
[debug] [2021-07-12T14:56:18.159Z] [runtime-status] [256973] Resolved module firebase-functions {"declared":true,"installed":true,"version":"3.14.1","resolution":"/home/tashpjak/Projects/budik/functions/node_modules/firebase-functions/lib/index.js"} {"metadata":{"emulator":{"name":"functions"},"message":"[runtime-status] [256973] Resolved module firebase-functions {\"declared\":true,\"installed\":true,\"version\":\"3.14.1\",\"resolution\":\"/home/tashpjak/Projects/budik/functions/node_modules/firebase-functions/lib/index.js\"}"}}
[debug] [2021-07-12T14:56:18.163Z] [runtime-status] [256973] Resolved module firebase-admin {"declared":true,"installed":true,"version":"9.9.0","resolution":"/home/tashpjak/Projects/budik/functions/node_modules/firebase-admin/lib/index.js"} {"metadata":{"emulator":{"name":"functions"},"message":"[runtime-status] [256973] Resolved module firebase-admin {\"declared\":true,\"installed\":true,\"version\":\"9.9.0\",\"resolution\":\"/home/tashpjak/Projects/budik/functions/node_modules/firebase-admin/lib/index.js\"}"}}
[debug] [2021-07-12T14:56:18.167Z] [runtime-status] [256973] Resolved module firebase-functions {"declared":true,"installed":true,"version":"3.14.1","resolution":"/home/tashpjak/Projects/budik/functions/node_modules/firebase-functions/lib/index.js"} {"metadata":{"emulator":{"name":"functions"},"message":"[runtime-status] [256973] Resolved module firebase-functions {\"declared\":true,\"installed\":true,\"version\":\"3.14.1\",\"resolution\":\"/home/tashpjak/Projects/budik/functions/node_modules/firebase-functions/lib/index.js\"}"}}
[debug] [2021-07-12T14:56:18.174Z] [runtime-status] [256973] firebase-admin has been stubbed. {"adminResolution":{"declared":true,"installed":true,"version":"9.9.0","resolution":"/home/tashpjak/Projects/budik/functions/node_modules/firebase-admin/lib/index.js"}} {"metadata":{"emulator":{"name":"functions"},"message":"[runtime-status] [256973] firebase-admin has been stubbed. {\"adminResolution\":{\"declared\":true,\"installed\":true,\"version\":\"9.9.0\",\"resolution\":\"/home/tashpjak/Projects/budik/functions/node_modules/firebase-admin/lib/index.js\"}}"}}
[debug] [2021-07-12T14:56:18.217Z] [runtime-status] [256973] initializeApp(DEFAULT) {"metadata":{"emulator":{"name":"functions"},"message":"[runtime-status] [256973] initializeApp(DEFAULT)"}}
[debug] [2021-07-12T14:56:18.225Z] addFirestoreTrigger "{\"eventTrigger\":{\"resource\":\"projects/budik-905a7/databases/(default)/documents/alarms/{alarmId}\",\"eventType\":\"providers/cloud.firestore/eventTypes/document.write\",\"service\":\"firestore.googleapis.com\"}}"
[debug] [2021-07-12T14:56:18.226Z] >>> HTTP REQUEST PUT http://localhost:8080/emulator/v1/projects/budik-905a7/triggers/us-central1-processAlarm-0  
 {"eventTrigger":{"resource":"projects/budik-905a7/databases/(default)/documents/alarms/{alarmId}","eventType":"providers/cloud.firestore/eventTypes/document.write","service":"firestore.googleapis.com"}}
[debug] [2021-07-12T14:56:18.231Z] [worker-~diagnostic~-8c2ea360-3dea-44c6-8707-d14e0f9e364d]: IDLE {"metadata":{"emulator":{"name":"functions"},"message":"[worker-~diagnostic~-8c2ea360-3dea-44c6-8707-d14e0f9e364d]: IDLE"}}
[debug] [2021-07-12T14:56:18.266Z] Jul 12, 2021 4:56:18 PM io.gapi.emulators.netty.HttpVersionRoutingHandler channelRead
INFO: Detected non-HTTP/2 connection.
 {"metadata":{"emulator":{"name":"firestore"},"message":"Jul 12, 2021 4:56:18 PM io.gapi.emulators.netty.HttpVersionRoutingHandler channelRead\nINFO: Detected non-HTTP/2 connection.\n"}}
[debug] [2021-07-12T14:56:18.734Z] Jul 12, 2021 4:56:18 PM io.gapi.emulators.netty.HttpVersionRoutingHandler channelRead
INFO: Detected HTTP/2 connection.
 {"metadata":{"emulator":{"name":"firestore"},"message":"Jul 12, 2021 4:56:18 PM io.gapi.emulators.netty.HttpVersionRoutingHandler channelRead\nINFO: Detected HTTP/2 connection.\n"}}
[debug] [2021-07-12T14:56:20.789Z] <<< HTTP RESPONSE 200 {"content-type":"application/json","content-length":"4"}
[info] ✔  functions[us-central1-processAlarm]: firestore function initialized. {"metadata":{"emulator":{"name":"functions"},"message":"\u001b[1mfirestore\u001b[22m function initialized."}}
[debug] [2021-07-12T14:56:20.791Z] addPubsubTrigger {"eventTrigger":{"resource":"projects/budik-905a7/topics","eventType":"google.pubsub.topic.publish","service":"pubsub.googleapis.com"}}
[debug] [2021-07-12T14:56:20.792Z] [pubsub] addTrigger(firebase-schedule-refreshToken, us-central1-refreshToken-0)
[debug] [2021-07-12T14:56:20.793Z] [pubsub] Creating topic: firebase-schedule-refreshToken
[debug] [2021-07-12T14:56:21.204Z] Jul 12, 2021 4:56:21 PM io.gapi.emulators.grpc.GrpcServer$3 operationComplete
INFO: Adding handler(s) to newly registered Channel.
 {"metadata":{"emulator":{"name":"pubsub"},"message":"Jul 12, 2021 4:56:21 PM io.gapi.emulators.grpc.GrpcServer$3 operationComplete\nINFO: Adding handler(s) to newly registered Channel.\n"}}
[debug] [2021-07-12T14:56:21.235Z] Jul 12, 2021 4:56:21 PM io.gapi.emulators.netty.HttpVersionRoutingHandler channelRead
INFO: Detected HTTP/2 connection.
 {"metadata":{"emulator":{"name":"pubsub"},"message":"Jul 12, 2021 4:56:21 PM io.gapi.emulators.netty.HttpVersionRoutingHandler channelRead\nINFO: Detected HTTP/2 connection.\n"}}
[debug] [2021-07-12T14:56:21.397Z] [pubsub] Creating sub for topic: firebase-schedule-refreshToken
[info] ✔  functions[us-central1-refreshToken]: pubsub function initialized. {"metadata":{"emulator":{"name":"functions"},"message":"\u001b[1mpubsub\u001b[22m function initialized."}}
[info] 
┌─────────────────────────────────────────────────────────────┐
│ ✔  All emulators ready! It is now safe to connect your app. │
│ i  View Emulator UI at http://localhost:4000                │
└─────────────────────────────────────────────────────────────┘

┌────────────────┬────────────────┬─────────────────────────────────┐
│ Emulator       │ Host:Port      │ View in Emulator UI             │
├────────────────┼────────────────┼─────────────────────────────────┤
│ Authentication │ localhost:9099 │ http://localhost:4000/auth      │
├────────────────┼────────────────┼─────────────────────────────────┤
│ Functions      │ localhost:5001 │ http://localhost:4000/functions │
├────────────────┼────────────────┼─────────────────────────────────┤
│ Firestore      │ localhost:8080 │ http://localhost:4000/firestore │
├────────────────┼────────────────┼─────────────────────────────────┤
│ Pub/Sub        │ localhost:8085 │ n/a                             │
└────────────────┴────────────────┴─────────────────────────────────┘
  Emulator Hub running at localhost:4400
  Other reserved ports: 4500

Issues? Report them at https://github.com/firebase/firebase-tools/issues and attach the *-debug.log files.
 
[debug] [2021-07-12T14:56:40.053Z] Jul 12, 2021 4:56:40 PM io.gapi.emulators.netty.HttpVersionRoutingHandler channelRead
INFO: Detected non-HTTP/2 connection.
 {"metadata":{"emulator":{"name":"firestore"},"message":"Jul 12, 2021 4:56:40 PM io.gapi.emulators.netty.HttpVersionRoutingHandler channelRead\nINFO: Detected non-HTTP/2 connection.\n"}}
[debug] [2021-07-12T14:56:40.117Z] Jul 12, 2021 4:56:40 PM com.google.cloud.datastore.emulator.impl.context.EmulatorAuthorization warnAboutSecuredJwt
WARNING: expected an unsecured JWT, the emulator does not validate JWTs and IS NOT SECURE
 {"metadata":{"emulator":{"name":"firestore"},"message":"Jul 12, 2021 4:56:40 PM com.google.cloud.datastore.emulator.impl.context.EmulatorAuthorization warnAboutSecuredJwt\nWARNING: expected an unsecured JWT, the emulator does not validate JWTs and IS NOT SECURE\n"}}
[debug] [2021-07-12T14:56:40.526Z] Jul 12, 2021 4:56:40 PM io.gapi.emulators.netty.HttpVersionRoutingHandler channelRead
INFO: Detected non-HTTP/2 connection.
 {"metadata":{"emulator":{"name":"firestore"},"message":"Jul 12, 2021 4:56:40 PM io.gapi.emulators.netty.HttpVersionRoutingHandler channelRead\nINFO: Detected non-HTTP/2 connection.\n"}}
[debug] [2021-07-12T14:57:22.282Z] Jul 12, 2021 4:57:22 PM io.gapi.emulators.netty.HttpVersionRoutingHandler channelRead
INFO: Detected non-HTTP/2 connection.
 {"metadata":{"emulator":{"name":"firestore"},"message":"Jul 12, 2021 4:57:22 PM io.gapi.emulators.netty.HttpVersionRoutingHandler channelRead\nINFO: Detected non-HTTP/2 connection.\n"}}
[debug] [2021-07-12T14:57:22.296Z] Jul 12, 2021 4:57:22 PM com.google.cloud.datastore.emulator.impl.context.EmulatorAuthorization warnAboutSecuredJwt
WARNING: expected an unsecured JWT, the emulator does not validate JWTs and IS NOT SECURE
 {"metadata":{"emulator":{"name":"firestore"},"message":"Jul 12, 2021 4:57:22 PM com.google.cloud.datastore.emulator.impl.context.EmulatorAuthorization warnAboutSecuredJwt\nWARNING: expected an unsecured JWT, the emulator does not validate JWTs and IS NOT SECURE\n"}}
[debug] [2021-07-12T14:57:22.331Z] Jul 12, 2021 4:57:22 PM io.gapi.emulators.netty.HttpVersionRoutingHandler channelRead
INFO: Detected non-HTTP/2 connection.
 {"metadata":{"emulator":{"name":"firestore"},"message":"Jul 12, 2021 4:57:22 PM io.gapi.emulators.netty.HttpVersionRoutingHandler channelRead\nINFO: Detected non-HTTP/2 connection.\n"}}
[debug] [2021-07-12T14:57:22.350Z] Jul 12, 2021 4:57:22 PM io.gapi.emulators.netty.HttpVersionRoutingHandler channelRead
INFO: Detected non-HTTP/2 connection.
 {"metadata":{"emulator":{"name":"firestore"},"message":"Jul 12, 2021 4:57:22 PM io.gapi.emulators.netty.HttpVersionRoutingHandler channelRead\nINFO: Detected non-HTTP/2 connection.\n"}}
[debug] [2021-07-12T14:57:22.621Z] [work-queue] {"queueLength":1,"workRunningCount":0}
[debug] [2021-07-12T14:57:22.622Z] [work-queue] {"queueLength":0,"workRunningCount":1}
[debug] [2021-07-12T14:57:22.622Z] Accepted request POST /functions/projects/budik-905a7/triggers/us-central1-processAlarm-0 --> us-central1-processAlarm-0 {"metadata":{"emulator":{"name":"functions"},"message":"Accepted request POST /functions/projects/budik-905a7/triggers/us-central1-processAlarm-0 --> us-central1-processAlarm-0"}}
[debug] [2021-07-12T14:57:22.631Z] [worker-pool] addWorker(us-central1-processAlarm) {"metadata":{"emulator":{"name":"functions"},"message":"[worker-pool] addWorker(us-central1-processAlarm)"}}
[debug] [2021-07-12T14:57:22.632Z] [worker-pool] Adding worker with key us-central1-processAlarm, total=1 {"metadata":{"emulator":{"name":"functions"},"message":"[worker-pool] Adding worker with key us-central1-processAlarm, total=1"}}
[debug] [2021-07-12T14:57:22.632Z] [worker-pool] submitWork(triggerId=us-central1-processAlarm) {"metadata":{"emulator":{"name":"functions"},"message":"[worker-pool] submitWork(triggerId=us-central1-processAlarm)"}}
[debug] [2021-07-12T14:57:22.632Z] [worker-us-central1-processAlarm-e0b77ad4-03aa-4549-87d9-6860725f5775]: Assigning socketPath: /tmp/fire_emu_257430.sock {"metadata":{"emulator":{"name":"functions"},"message":"[worker-us-central1-processAlarm-e0b77ad4-03aa-4549-87d9-6860725f5775]: Assigning socketPath: /tmp/fire_emu_257430.sock"}}
[debug] [2021-07-12T14:57:22.632Z] [worker-us-central1-processAlarm-e0b77ad4-03aa-4549-87d9-6860725f5775]: BUSY {"metadata":{"emulator":{"name":"functions"},"message":"[worker-us-central1-processAlarm-e0b77ad4-03aa-4549-87d9-6860725f5775]: BUSY"}}
[debug] [2021-07-12T14:57:22.784Z] [runtime-status] [257430] Functions runtime initialized. {"cwd":"/home/tashpjak/Projects/budik/functions","node_version":"14.17.1"} {"metadata":{"emulator":{"name":"functions"},"function":{"name":"us-central1-processAlarm"},"message":"[runtime-status] [257430] Functions runtime initialized. {\"cwd\":\"/home/tashpjak/Projects/budik/functions\",\"node_version\":\"14.17.1\"}"}}
[debug] [2021-07-12T14:57:22.786Z] [runtime-status] [257430] Disabled runtime features: undefined {"metadata":{"emulator":{"name":"functions"},"function":{"name":"us-central1-processAlarm"},"message":"[runtime-status] [257430] Disabled runtime features: undefined"}}
[debug] [2021-07-12T14:57:22.789Z] [runtime-status] [257430] Resolved module firebase-admin {"declared":true,"installed":true,"version":"9.9.0","resolution":"/home/tashpjak/Projects/budik/functions/node_modules/firebase-admin/lib/index.js"} {"metadata":{"emulator":{"name":"functions"},"function":{"name":"us-central1-processAlarm"},"message":"[runtime-status] [257430] Resolved module firebase-admin {\"declared\":true,\"installed\":true,\"version\":\"9.9.0\",\"resolution\":\"/home/tashpjak/Projects/budik/functions/node_modules/firebase-admin/lib/index.js\"}"}}
[debug] [2021-07-12T14:57:22.792Z] [runtime-status] [257430] Resolved module firebase-functions {"declared":true,"installed":true,"version":"3.14.1","resolution":"/home/tashpjak/Projects/budik/functions/node_modules/firebase-functions/lib/index.js"} {"metadata":{"emulator":{"name":"functions"},"function":{"name":"us-central1-processAlarm"},"message":"[runtime-status] [257430] Resolved module firebase-functions {\"declared\":true,\"installed\":true,\"version\":\"3.14.1\",\"resolution\":\"/home/tashpjak/Projects/budik/functions/node_modules/firebase-functions/lib/index.js\"}"}}
[debug] [2021-07-12T14:57:22.792Z] [runtime-status] [257430] Resolved module firebase-functions {"declared":true,"installed":true,"version":"3.14.1","resolution":"/home/tashpjak/Projects/budik/functions/node_modules/firebase-functions/lib/index.js"} {"metadata":{"emulator":{"name":"functions"},"function":{"name":"us-central1-processAlarm"},"message":"[runtime-status] [257430] Resolved module firebase-functions {\"declared\":true,\"installed\":true,\"version\":\"3.14.1\",\"resolution\":\"/home/tashpjak/Projects/budik/functions/node_modules/firebase-functions/lib/index.js\"}"}}
[debug] [2021-07-12T14:57:22.793Z] [runtime-status] [257430] Set PUBSUB_EMULATOR_HOST to localhost:8085 {"metadata":{"emulator":{"name":"functions"},"function":{"name":"us-central1-processAlarm"},"message":"[runtime-status] [257430] Set PUBSUB_EMULATOR_HOST to localhost:8085"}}
[debug] [2021-07-12T14:57:22.796Z] [runtime-status] [257430] Outgoing network have been stubbed. [{"name":"http","status":"mocked"},{"name":"http","status":"mocked"},{"name":"https","status":"mocked"},{"name":"https","status":"mocked"},{"name":"net","status":"mocked"}] {"metadata":{"emulator":{"name":"functions"},"function":{"name":"us-central1-processAlarm"},"message":"[runtime-status] [257430] Outgoing network have been stubbed. [{\"name\":\"http\",\"status\":\"mocked\"},{\"name\":\"http\",\"status\":\"mocked\"},{\"name\":\"https\",\"status\":\"mocked\"},{\"name\":\"https\",\"status\":\"mocked\"},{\"name\":\"net\",\"status\":\"mocked\"}]"}}
[debug] [2021-07-12T14:57:22.796Z] [runtime-status] [257430] Resolved module firebase-functions {"declared":true,"installed":true,"version":"3.14.1","resolution":"/home/tashpjak/Projects/budik/functions/node_modules/firebase-functions/lib/index.js"} {"metadata":{"emulator":{"name":"functions"},"function":{"name":"us-central1-processAlarm"},"message":"[runtime-status] [257430] Resolved module firebase-functions {\"declared\":true,\"installed\":true,\"version\":\"3.14.1\",\"resolution\":\"/home/tashpjak/Projects/budik/functions/node_modules/firebase-functions/lib/index.js\"}"}}
[debug] [2021-07-12T14:57:22.837Z] [runtime-status] [257430] Checked functions.config() {"config":{}} {"metadata":{"emulator":{"name":"functions"},"function":{"name":"us-central1-processAlarm"},"message":"[runtime-status] [257430] Checked functions.config() {\"config\":{}}"}}
[debug] [2021-07-12T14:57:22.838Z] [runtime-status] [257430] firebase-functions has been stubbed. {"functionsResolution":{"declared":true,"installed":true,"version":"3.14.1","resolution":"/home/tashpjak/Projects/budik/functions/node_modules/firebase-functions/lib/index.js"}} {"metadata":{"emulator":{"name":"functions"},"function":{"name":"us-central1-processAlarm"},"message":"[runtime-status] [257430] firebase-functions has been stubbed. {\"functionsResolution\":{\"declared\":true,\"installed\":true,\"version\":\"3.14.1\",\"resolution\":\"/home/tashpjak/Projects/budik/functions/node_modules/firebase-functions/lib/index.js\"}}"}}
[debug] [2021-07-12T14:57:22.839Z] [runtime-status] [257430] Resolved module firebase-functions {"declared":true,"installed":true,"version":"3.14.1","resolution":"/home/tashpjak/Projects/budik/functions/node_modules/firebase-functions/lib/index.js"} {"metadata":{"emulator":{"name":"functions"},"function":{"name":"us-central1-processAlarm"},"message":"[runtime-status] [257430] Resolved module firebase-functions {\"declared\":true,\"installed\":true,\"version\":\"3.14.1\",\"resolution\":\"/home/tashpjak/Projects/budik/functions/node_modules/firebase-functions/lib/index.js\"}"}}
[debug] [2021-07-12T14:57:22.840Z] [runtime-status] [257430] Resolved module firebase-admin {"declared":true,"installed":true,"version":"9.9.0","resolution":"/home/tashpjak/Projects/budik/functions/node_modules/firebase-admin/lib/index.js"} {"metadata":{"emulator":{"name":"functions"},"function":{"name":"us-central1-processAlarm"},"message":"[runtime-status] [257430] Resolved module firebase-admin {\"declared\":true,\"installed\":true,\"version\":\"9.9.0\",\"resolution\":\"/home/tashpjak/Projects/budik/functions/node_modules/firebase-admin/lib/index.js\"}"}}
[debug] [2021-07-12T14:57:22.840Z] [runtime-status] [257430] Resolved module firebase-functions {"declared":true,"installed":true,"version":"3.14.1","resolution":"/home/tashpjak/Projects/budik/functions/node_modules/firebase-functions/lib/index.js"} {"metadata":{"emulator":{"name":"functions"},"function":{"name":"us-central1-processAlarm"},"message":"[runtime-status] [257430] Resolved module firebase-functions {\"declared\":true,\"installed\":true,\"version\":\"3.14.1\",\"resolution\":\"/home/tashpjak/Projects/budik/functions/node_modules/firebase-functions/lib/index.js\"}"}}
[debug] [2021-07-12T14:57:22.841Z] [runtime-status] [257430] firebase-admin has been stubbed. {"adminResolution":{"declared":true,"installed":true,"version":"9.9.0","resolution":"/home/tashpjak/Projects/budik/functions/node_modules/firebase-admin/lib/index.js"}} {"metadata":{"emulator":{"name":"functions"},"function":{"name":"us-central1-processAlarm"},"message":"[runtime-status] [257430] firebase-admin has been stubbed. {\"adminResolution\":{\"declared\":true,\"installed\":true,\"version\":\"9.9.0\",\"resolution\":\"/home/tashpjak/Projects/budik/functions/node_modules/firebase-admin/lib/index.js\"}}"}}
[debug] [2021-07-12T14:57:22.863Z] [runtime-status] [257430] initializeApp(DEFAULT) {"metadata":{"emulator":{"name":"functions"},"function":{"name":"us-central1-processAlarm"},"message":"[runtime-status] [257430] initializeApp(DEFAULT)"}}
[debug] [2021-07-12T14:57:22.866Z] [runtime-status] [257430] Trigger "us-central1-processAlarm" has been found, beginning invocation! {"metadata":{"emulator":{"name":"functions"},"function":{"name":"us-central1-processAlarm"},"message":"[runtime-status] [257430] Trigger \"us-central1-processAlarm\" has been found, beginning invocation!"}}
[info] i  functions: Beginning execution of "us-central1-processAlarm" {"metadata":{"emulator":{"name":"functions"},"function":{"name":"us-central1-processAlarm"},"message":"Beginning execution of \"us-central1-processAlarm\""}}
[debug] [2021-07-12T14:57:22.867Z] [runtime-status] [257430] triggerDefinition {"eventTrigger":{"resource":"projects/budik-905a7/databases/(default)/documents/alarms/{alarmId}","eventType":"providers/cloud.firestore/eventTypes/document.write","service":"firestore.googleapis.com"},"name":"processAlarm","entryPoint":"processAlarm","regions":["us-central1"],"region":"us-central1","id":"us-central1-processAlarm"} {"metadata":{"emulator":{"name":"functions"},"function":{"name":"us-central1-processAlarm"},"message":"[runtime-status] [257430] triggerDefinition {\"eventTrigger\":{\"resource\":\"projects/budik-905a7/databases/(default)/documents/alarms/{alarmId}\",\"eventType\":\"providers/cloud.firestore/eventTypes/document.write\",\"service\":\"firestore.googleapis.com\"},\"name\":\"processAlarm\",\"entryPoint\":\"processAlarm\",\"regions\":[\"us-central1\"],\"region\":\"us-central1\",\"id\":\"us-central1-processAlarm\"}"}}
[debug] [2021-07-12T14:57:22.867Z] [runtime-status] [257430] Running us-central1-processAlarm in mode BACKGROUND {"metadata":{"emulator":{"name":"functions"},"function":{"name":"us-central1-processAlarm"},"message":"[runtime-status] [257430] Running us-central1-processAlarm in mode BACKGROUND"}}
[debug] [2021-07-12T14:57:22.869Z] [runtime-status] [257430] ProcessBackground {"data":{"value":{"name":"projects/budik-905a7/databases/(default)/documents/alarms/tVVclBvaxjizpVzNsGAL","fields":{"label":{"stringValue":""},"repeat":{"integerValue":"0"},"time":{"stringValue":"16:57"},"status":{"booleanValue":true}},"createTime":"2021-07-12T14:57:22.482317Z","updateTime":"2021-07-12T14:57:22.482317Z"},"updateMask":{}},"context":{"eventId":"41ba9c7d-aae0-42e8-bba5-d9de57b5a6d1","timestamp":"2021-07-12T14:57:22.482Z","eventType":"providers/cloud.firestore/eventTypes/document.write","resource":{"name":"projects/budik-905a7/databases/(default)/documents/alarms/tVVclBvaxjizpVzNsGAL","service":"firestore.googleapis.com"}}} {"metadata":{"emulator":{"name":"functions"},"function":{"name":"us-central1-processAlarm"},"message":"[runtime-status] [257430] ProcessBackground {\"data\":{\"value\":{\"name\":\"projects/budik-905a7/databases/(default)/documents/alarms/tVVclBvaxjizpVzNsGAL\",\"fields\":{\"label\":{\"stringValue\":\"\"},\"repeat\":{\"integerValue\":\"0\"},\"time\":{\"stringValue\":\"16:57\"},\"status\":{\"booleanValue\":true}},\"createTime\":\"2021-07-12T14:57:22.482317Z\",\"updateTime\":\"2021-07-12T14:57:22.482317Z\"},\"updateMask\":{}},\"context\":{\"eventId\":\"41ba9c7d-aae0-42e8-bba5-d9de57b5a6d1\",\"timestamp\":\"2021-07-12T14:57:22.482Z\",\"eventType\":\"providers/cloud.firestore/eventTypes/document.write\",\"resource\":{\"name\":\"projects/budik-905a7/databases/(default)/documents/alarms/tVVclBvaxjizpVzNsGAL\",\"service\":\"firestore.googleapis.com\"}}}"}}
[debug] [2021-07-12T14:57:22.869Z] [runtime-status] [257430] ProcessBackground: lifting resource.name from resource {"name":"projects/budik-905a7/databases/(default)/documents/alarms/tVVclBvaxjizpVzNsGAL","service":"firestore.googleapis.com"} {"metadata":{"emulator":{"name":"functions"},"function":{"name":"us-central1-processAlarm"},"message":"[runtime-status] [257430] ProcessBackground: lifting resource.name from resource {\"name\":\"projects/budik-905a7/databases/(default)/documents/alarms/tVVclBvaxjizpVzNsGAL\",\"service\":\"firestore.googleapis.com\"}"}}
[debug] [2021-07-12T14:57:22.870Z] [runtime-status] [257430] RunBackground {"data":{"value":{"name":"projects/budik-905a7/databases/(default)/documents/alarms/tVVclBvaxjizpVzNsGAL","fields":{"label":{"stringValue":""},"repeat":{"integerValue":"0"},"time":{"stringValue":"16:57"},"status":{"booleanValue":true}},"createTime":"2021-07-12T14:57:22.482317Z","updateTime":"2021-07-12T14:57:22.482317Z"},"updateMask":{}},"context":{"eventId":"41ba9c7d-aae0-42e8-bba5-d9de57b5a6d1","timestamp":"2021-07-12T14:57:22.482Z","eventType":"providers/cloud.firestore/eventTypes/document.write","resource":"projects/budik-905a7/databases/(default)/documents/alarms/tVVclBvaxjizpVzNsGAL"}} {"metadata":{"emulator":{"name":"functions"},"function":{"name":"us-central1-processAlarm"},"message":"[runtime-status] [257430] RunBackground {\"data\":{\"value\":{\"name\":\"projects/budik-905a7/databases/(default)/documents/alarms/tVVclBvaxjizpVzNsGAL\",\"fields\":{\"label\":{\"stringValue\":\"\"},\"repeat\":{\"integerValue\":\"0\"},\"time\":{\"stringValue\":\"16:57\"},\"status\":{\"booleanValue\":true}},\"createTime\":\"2021-07-12T14:57:22.482317Z\",\"updateTime\":\"2021-07-12T14:57:22.482317Z\"},\"updateMask\":{}},\"context\":{\"eventId\":\"41ba9c7d-aae0-42e8-bba5-d9de57b5a6d1\",\"timestamp\":\"2021-07-12T14:57:22.482Z\",\"eventType\":\"providers/cloud.firestore/eventTypes/document.write\",\"resource\":\"projects/budik-905a7/databases/(default)/documents/alarms/tVVclBvaxjizpVzNsGAL\"}}"}}
[debug] [2021-07-12T14:57:23.431Z] Jul 12, 2021 4:57:23 PM io.gapi.emulators.netty.HttpVersionRoutingHandler channelRead
INFO: Detected HTTP/2 connection.
 {"metadata":{"emulator":{"name":"firestore"},"message":"Jul 12, 2021 4:57:23 PM io.gapi.emulators.netty.HttpVersionRoutingHandler channelRead\nINFO: Detected HTTP/2 connection.\n"}}
[info] >  [ '2021-07-13T16:57:00.000+00:00' ] {"user":"[ '2021-07-13T16:57:00.000+00:00' ]","metadata":{"emulator":{"name":"functions"},"function":{"name":"us-central1-processAlarm"},"message":"\u001b[90m> \u001b[39m [ '2021-07-13T16:57:00.000+00:00' ]"}}
[debug] [2021-07-12T14:57:23.480Z] [runtime-status] [257430] Ephemeral server survived. {"metadata":{"emulator":{"name":"functions"},"function":{"name":"us-central1-processAlarm"},"message":"[runtime-status] [257430] Ephemeral server survived."}}
[info] i  functions: Finished "us-central1-processAlarm" in ~1s {"metadata":{"emulator":{"name":"functions"},"function":{"name":"us-central1-processAlarm"},"message":"Finished \"us-central1-processAlarm\" in ~1s"}}
[debug] [2021-07-12T14:57:23.481Z] [worker-us-central1-processAlarm-e0b77ad4-03aa-4549-87d9-6860725f5775]: IDLE {"metadata":{"emulator":{"name":"functions"},"message":"[worker-us-central1-processAlarm-e0b77ad4-03aa-4549-87d9-6860725f5775]: IDLE"}}
[debug] [2021-07-12T14:57:23.484Z] [work-queue] {"queueLength":0,"workRunningCount":0}
[debug] [2021-07-12T14:57:25.484Z] Jul 12, 2021 4:57:25 PM io.gapi.emulators.netty.HttpVersionRoutingHandler channelRead
INFO: Detected non-HTTP/2 connection.
 {"metadata":{"emulator":{"name":"firestore"},"message":"Jul 12, 2021 4:57:25 PM io.gapi.emulators.netty.HttpVersionRoutingHandler channelRead\nINFO: Detected non-HTTP/2 connection.\n"}}
[debug] [2021-07-12T14:57:25.589Z] [work-queue] {"queueLength":1,"workRunningCount":0}
[debug] [2021-07-12T14:57:25.590Z] [work-queue] {"queueLength":0,"workRunningCount":1}
[debug] [2021-07-12T14:57:25.591Z] Accepted request POST /functions/projects/budik-905a7/triggers/us-central1-processAlarm-0 --> us-central1-processAlarm-0 {"metadata":{"emulator":{"name":"functions"},"message":"Accepted request POST /functions/projects/budik-905a7/triggers/us-central1-processAlarm-0 --> us-central1-processAlarm-0"}}
[debug] [2021-07-12T14:57:25.591Z] [worker-pool] submitWork(triggerId=us-central1-processAlarm) {"metadata":{"emulator":{"name":"functions"},"message":"[worker-pool] submitWork(triggerId=us-central1-processAlarm)"}}
[debug] [2021-07-12T14:57:25.592Z] [worker-us-central1-processAlarm-e0b77ad4-03aa-4549-87d9-6860725f5775]: Assigning socketPath: /tmp/fire_emu_257430.sock {"metadata":{"emulator":{"name":"functions"},"message":"[worker-us-central1-processAlarm-e0b77ad4-03aa-4549-87d9-6860725f5775]: Assigning socketPath: /tmp/fire_emu_257430.sock"}}
[debug] [2021-07-12T14:57:25.592Z] [worker-us-central1-processAlarm-e0b77ad4-03aa-4549-87d9-6860725f5775]: BUSY {"metadata":{"emulator":{"name":"functions"},"message":"[worker-us-central1-processAlarm-e0b77ad4-03aa-4549-87d9-6860725f5775]: BUSY"}}
[debug] [2021-07-12T14:57:25.603Z] Jul 12, 2021 4:57:25 PM io.gapi.emulators.netty.HttpVersionRoutingHandler channelRead
INFO: Detected non-HTTP/2 connection.
 {"metadata":{"emulator":{"name":"firestore"},"message":"Jul 12, 2021 4:57:25 PM io.gapi.emulators.netty.HttpVersionRoutingHandler channelRead\nINFO: Detected non-HTTP/2 connection.\n"}}
[debug] [2021-07-12T14:57:25.624Z] [runtime-status] [257430] Trigger "us-central1-processAlarm" has been found, beginning invocation! {"metadata":{"emulator":{"name":"functions"},"function":{"name":"us-central1-processAlarm"},"message":"[runtime-status] [257430] Trigger \"us-central1-processAlarm\" has been found, beginning invocation!"}}
[info] i  functions: Beginning execution of "us-central1-processAlarm" {"metadata":{"emulator":{"name":"functions"},"function":{"name":"us-central1-processAlarm"},"message":"Beginning execution of \"us-central1-processAlarm\""}}
[debug] [2021-07-12T14:57:25.626Z] [runtime-status] [257430] triggerDefinition {"eventTrigger":{"resource":"projects/budik-905a7/databases/(default)/documents/alarms/{alarmId}","eventType":"providers/cloud.firestore/eventTypes/document.write","service":"firestore.googleapis.com"},"name":"processAlarm","entryPoint":"processAlarm","regions":["us-central1"],"region":"us-central1","id":"us-central1-processAlarm"} {"metadata":{"emulator":{"name":"functions"},"function":{"name":"us-central1-processAlarm"},"message":"[runtime-status] [257430] triggerDefinition {\"eventTrigger\":{\"resource\":\"projects/budik-905a7/databases/(default)/documents/alarms/{alarmId}\",\"eventType\":\"providers/cloud.firestore/eventTypes/document.write\",\"service\":\"firestore.googleapis.com\"},\"name\":\"processAlarm\",\"entryPoint\":\"processAlarm\",\"regions\":[\"us-central1\"],\"region\":\"us-central1\",\"id\":\"us-central1-processAlarm\"}"}}
[debug] [2021-07-12T14:57:25.626Z] [runtime-status] [257430] Running us-central1-processAlarm in mode BACKGROUND {"metadata":{"emulator":{"name":"functions"},"function":{"name":"us-central1-processAlarm"},"message":"[runtime-status] [257430] Running us-central1-processAlarm in mode BACKGROUND"}}
[debug] [2021-07-12T14:57:25.627Z] [runtime-status] [257430] ProcessBackground {"data":{"value":{"name":"projects/budik-905a7/databases/(default)/documents/alarms/tVVclBvaxjizpVzNsGAL","fields":{"label":{"stringValue":""},"repeat":{"integerValue":"0"},"status":{"booleanValue":true},"id":{"stringValue":"tVVclBvaxjizpVzNsGAL"},"time":{"stringValue":"18:00"}},"createTime":"2021-07-12T14:57:22.482317Z","updateTime":"2021-07-12T14:57:25.534780Z"},"oldValue":{"name":"projects/budik-905a7/databases/(default)/documents/alarms/tVVclBvaxjizpVzNsGAL","fields":{"label":{"stringValue":""},"repeat":{"integerValue":"0"},"time":{"stringValue":"16:57"},"status":{"booleanValue":true}},"createTime":"2021-07-12T14:57:22.482317Z","updateTime":"2021-07-12T14:57:22.482317Z"},"updateMask":{}},"context":{"eventId":"bbd89bd6-b245-432c-9647-5388ba9b0023","timestamp":"2021-07-12T14:57:25.534Z","eventType":"providers/cloud.firestore/eventTypes/document.write","resource":{"name":"projects/budik-905a7/databases/(default)/documents/alarms/tVVclBvaxjizpVzNsGAL","service":"firestore.googleapis.com"}}} {"metadata":{"emulator":{"name":"functions"},"function":{"name":"us-central1-processAlarm"},"message":"[runtime-status] [257430] ProcessBackground {\"data\":{\"value\":{\"name\":\"projects/budik-905a7/databases/(default)/documents/alarms/tVVclBvaxjizpVzNsGAL\",\"fields\":{\"label\":{\"stringValue\":\"\"},\"repeat\":{\"integerValue\":\"0\"},\"status\":{\"booleanValue\":true},\"id\":{\"stringValue\":\"tVVclBvaxjizpVzNsGAL\"},\"time\":{\"stringValue\":\"18:00\"}},\"createTime\":\"2021-07-12T14:57:22.482317Z\",\"updateTime\":\"2021-07-12T14:57:25.534780Z\"},\"oldValue\":{\"name\":\"projects/budik-905a7/databases/(default)/documents/alarms/tVVclBvaxjizpVzNsGAL\",\"fields\":{\"label\":{\"stringValue\":\"\"},\"repeat\":{\"integerValue\":\"0\"},\"time\":{\"stringValue\":\"16:57\"},\"status\":{\"booleanValue\":true}},\"createTime\":\"2021-07-12T14:57:22.482317Z\",\"updateTime\":\"2021-07-12T14:57:22.482317Z\"},\"updateMask\":{}},\"context\":{\"eventId\":\"bbd89bd6-b245-432c-9647-5388ba9b0023\",\"timestamp\":\"2021-07-12T14:57:25.534Z\",\"eventType\":\"providers/cloud.firestore/eventTypes/document.write\",\"resource\":{\"name\":\"projects/budik-905a7/databases/(default)/documents/alarms/tVVclBvaxjizpVzNsGAL\",\"service\":\"firestore.googleapis.com\"}}}"}}
[debug] [2021-07-12T14:57:25.627Z] [runtime-status] [257430] ProcessBackground: lifting resource.name from resource {"name":"projects/budik-905a7/databases/(default)/documents/alarms/tVVclBvaxjizpVzNsGAL","service":"firestore.googleapis.com"} {"metadata":{"emulator":{"name":"functions"},"function":{"name":"us-central1-processAlarm"},"message":"[runtime-status] [257430] ProcessBackground: lifting resource.name from resource {\"name\":\"projects/budik-905a7/databases/(default)/documents/alarms/tVVclBvaxjizpVzNsGAL\",\"service\":\"firestore.googleapis.com\"}"}}
[debug] [2021-07-12T14:57:25.627Z] [runtime-status] [257430] RunBackground {"data":{"value":{"name":"projects/budik-905a7/databases/(default)/documents/alarms/tVVclBvaxjizpVzNsGAL","fields":{"label":{"stringValue":""},"repeat":{"integerValue":"0"},"status":{"booleanValue":true},"id":{"stringValue":"tVVclBvaxjizpVzNsGAL"},"time":{"stringValue":"18:00"}},"createTime":"2021-07-12T14:57:22.482317Z","updateTime":"2021-07-12T14:57:25.534780Z"},"oldValue":{"name":"projects/budik-905a7/databases/(default)/documents/alarms/tVVclBvaxjizpVzNsGAL","fields":{"label":{"stringValue":""},"repeat":{"integerValue":"0"},"time":{"stringValue":"16:57"},"status":{"booleanValue":true}},"createTime":"2021-07-12T14:57:22.482317Z","updateTime":"2021-07-12T14:57:22.482317Z"},"updateMask":{}},"context":{"eventId":"bbd89bd6-b245-432c-9647-5388ba9b0023","timestamp":"2021-07-12T14:57:25.534Z","eventType":"providers/cloud.firestore/eventTypes/document.write","resource":"projects/budik-905a7/databases/(default)/documents/alarms/tVVclBvaxjizpVzNsGAL"}} {"metadata":{"emulator":{"name":"functions"},"function":{"name":"us-central1-processAlarm"},"message":"[runtime-status] [257430] RunBackground {\"data\":{\"value\":{\"name\":\"projects/budik-905a7/databases/(default)/documents/alarms/tVVclBvaxjizpVzNsGAL\",\"fields\":{\"label\":{\"stringValue\":\"\"},\"repeat\":{\"integerValue\":\"0\"},\"status\":{\"booleanValue\":true},\"id\":{\"stringValue\":\"tVVclBvaxjizpVzNsGAL\"},\"time\":{\"stringValue\":\"18:00\"}},\"createTime\":\"2021-07-12T14:57:22.482317Z\",\"updateTime\":\"2021-07-12T14:57:25.534780Z\"},\"oldValue\":{\"name\":\"projects/budik-905a7/databases/(default)/documents/alarms/tVVclBvaxjizpVzNsGAL\",\"fields\":{\"label\":{\"stringValue\":\"\"},\"repeat\":{\"integerValue\":\"0\"},\"time\":{\"stringValue\":\"16:57\"},\"status\":{\"booleanValue\":true}},\"createTime\":\"2021-07-12T14:57:22.482317Z\",\"updateTime\":\"2021-07-12T14:57:22.482317Z\"},\"updateMask\":{}},\"context\":{\"eventId\":\"bbd89bd6-b245-432c-9647-5388ba9b0023\",\"timestamp\":\"2021-07-12T14:57:25.534Z\",\"eventType\":\"providers/cloud.firestore/eventTypes/document.write\",\"resource\":\"projects/budik-905a7/databases/(default)/documents/alarms/tVVclBvaxjizpVzNsGAL\"}}"}}
[info] >  [ '2021-07-13T18:00:00.000+00:00' ] {"user":"[ '2021-07-13T18:00:00.000+00:00' ]","metadata":{"emulator":{"name":"functions"},"function":{"name":"us-central1-processAlarm"},"message":"\u001b[90m> \u001b[39m [ '2021-07-13T18:00:00.000+00:00' ]"}}
[debug] [2021-07-12T14:57:25.642Z] [runtime-status] [257430] Ephemeral server survived. {"metadata":{"emulator":{"name":"functions"},"function":{"name":"us-central1-processAlarm"},"message":"[runtime-status] [257430] Ephemeral server survived."}}
[info] i  functions: Finished "us-central1-processAlarm" in ~1s {"metadata":{"emulator":{"name":"functions"},"function":{"name":"us-central1-processAlarm"},"message":"Finished \"us-central1-processAlarm\" in ~1s"}}
[debug] [2021-07-12T14:57:25.643Z] [worker-us-central1-processAlarm-e0b77ad4-03aa-4549-87d9-6860725f5775]: IDLE {"metadata":{"emulator":{"name":"functions"},"message":"[worker-us-central1-processAlarm-e0b77ad4-03aa-4549-87d9-6860725f5775]: IDLE"}}
[debug] [2021-07-12T14:57:25.645Z] [work-queue] {"queueLength":0,"workRunningCount":0}
[debug] [2021-07-12T14:57:39.805Z] Jul 12, 2021 4:57:39 PM io.gapi.emulators.netty.HttpVersionRoutingHandler channelRead
INFO: Detected non-HTTP/2 connection.
 {"metadata":{"emulator":{"name":"firestore"},"message":"Jul 12, 2021 4:57:39 PM io.gapi.emulators.netty.HttpVersionRoutingHandler channelRead\nINFO: Detected non-HTTP/2 connection.\n"}}
[debug] [2021-07-12T14:57:39.873Z] [work-queue] {"queueLength":1,"workRunningCount":0}
[debug] [2021-07-12T14:57:39.873Z] [work-queue] {"queueLength":0,"workRunningCount":1}
[debug] [2021-07-12T14:57:39.873Z] Accepted request POST /functions/projects/budik-905a7/triggers/us-central1-processAlarm-0 --> us-central1-processAlarm-0 {"metadata":{"emulator":{"name":"functions"},"message":"Accepted request POST /functions/projects/budik-905a7/triggers/us-central1-processAlarm-0 --> us-central1-processAlarm-0"}}
[debug] [2021-07-12T14:57:39.874Z] [worker-pool] submitWork(triggerId=us-central1-processAlarm) {"metadata":{"emulator":{"name":"functions"},"message":"[worker-pool] submitWork(triggerId=us-central1-processAlarm)"}}
[debug] [2021-07-12T14:57:39.874Z] [worker-us-central1-processAlarm-e0b77ad4-03aa-4549-87d9-6860725f5775]: Assigning socketPath: /tmp/fire_emu_257430.sock {"metadata":{"emulator":{"name":"functions"},"message":"[worker-us-central1-processAlarm-e0b77ad4-03aa-4549-87d9-6860725f5775]: Assigning socketPath: /tmp/fire_emu_257430.sock"}}
[debug] [2021-07-12T14:57:39.874Z] [worker-us-central1-processAlarm-e0b77ad4-03aa-4549-87d9-6860725f5775]: BUSY {"metadata":{"emulator":{"name":"functions"},"message":"[worker-us-central1-processAlarm-e0b77ad4-03aa-4549-87d9-6860725f5775]: BUSY"}}
[debug] [2021-07-12T14:57:39.879Z] [runtime-status] [257430] Trigger "us-central1-processAlarm" has been found, beginning invocation! {"metadata":{"emulator":{"name":"functions"},"function":{"name":"us-central1-processAlarm"},"message":"[runtime-status] [257430] Trigger \"us-central1-processAlarm\" has been found, beginning invocation!"}}
[info] i  functions: Beginning execution of "us-central1-processAlarm" {"metadata":{"emulator":{"name":"functions"},"function":{"name":"us-central1-processAlarm"},"message":"Beginning execution of \"us-central1-processAlarm\""}}
[debug] [2021-07-12T14:57:39.879Z] [runtime-status] [257430] triggerDefinition {"eventTrigger":{"resource":"projects/budik-905a7/databases/(default)/documents/alarms/{alarmId}","eventType":"providers/cloud.firestore/eventTypes/document.write","service":"firestore.googleapis.com"},"name":"processAlarm","entryPoint":"processAlarm","regions":["us-central1"],"region":"us-central1","id":"us-central1-processAlarm"} {"metadata":{"emulator":{"name":"functions"},"function":{"name":"us-central1-processAlarm"},"message":"[runtime-status] [257430] triggerDefinition {\"eventTrigger\":{\"resource\":\"projects/budik-905a7/databases/(default)/documents/alarms/{alarmId}\",\"eventType\":\"providers/cloud.firestore/eventTypes/document.write\",\"service\":\"firestore.googleapis.com\"},\"name\":\"processAlarm\",\"entryPoint\":\"processAlarm\",\"regions\":[\"us-central1\"],\"region\":\"us-central1\",\"id\":\"us-central1-processAlarm\"}"}}
[debug] [2021-07-12T14:57:39.880Z] [runtime-status] [257430] Running us-central1-processAlarm in mode BACKGROUND {"metadata":{"emulator":{"name":"functions"},"function":{"name":"us-central1-processAlarm"},"message":"[runtime-status] [257430] Running us-central1-processAlarm in mode BACKGROUND"}}
[debug] [2021-07-12T14:57:39.880Z] [runtime-status] [257430] ProcessBackground {"data":{"value":{"name":"projects/budik-905a7/databases/(default)/documents/alarms/V3QoK8cKfgfS6tIE8KYO","fields":{"label":{"stringValue":""},"repeat":{"integerValue":"0"},"time":{"stringValue":"16:57"},"status":{"booleanValue":true}},"createTime":"2021-07-12T14:57:39.838326Z","updateTime":"2021-07-12T14:57:39.838326Z"},"updateMask":{}},"context":{"eventId":"2ad495f9-aa09-4fb7-84b5-5611850558c4","timestamp":"2021-07-12T14:57:39.838Z","eventType":"providers/cloud.firestore/eventTypes/document.write","resource":{"name":"projects/budik-905a7/databases/(default)/documents/alarms/V3QoK8cKfgfS6tIE8KYO","service":"firestore.googleapis.com"}}} {"metadata":{"emulator":{"name":"functions"},"function":{"name":"us-central1-processAlarm"},"message":"[runtime-status] [257430] ProcessBackground {\"data\":{\"value\":{\"name\":\"projects/budik-905a7/databases/(default)/documents/alarms/V3QoK8cKfgfS6tIE8KYO\",\"fields\":{\"label\":{\"stringValue\":\"\"},\"repeat\":{\"integerValue\":\"0\"},\"time\":{\"stringValue\":\"16:57\"},\"status\":{\"booleanValue\":true}},\"createTime\":\"2021-07-12T14:57:39.838326Z\",\"updateTime\":\"2021-07-12T14:57:39.838326Z\"},\"updateMask\":{}},\"context\":{\"eventId\":\"2ad495f9-aa09-4fb7-84b5-5611850558c4\",\"timestamp\":\"2021-07-12T14:57:39.838Z\",\"eventType\":\"providers/cloud.firestore/eventTypes/document.write\",\"resource\":{\"name\":\"projects/budik-905a7/databases/(default)/documents/alarms/V3QoK8cKfgfS6tIE8KYO\",\"service\":\"firestore.googleapis.com\"}}}"}}
[debug] [2021-07-12T14:57:39.880Z] [runtime-status] [257430] ProcessBackground: lifting resource.name from resource {"name":"projects/budik-905a7/databases/(default)/documents/alarms/V3QoK8cKfgfS6tIE8KYO","service":"firestore.googleapis.com"} {"metadata":{"emulator":{"name":"functions"},"function":{"name":"us-central1-processAlarm"},"message":"[runtime-status] [257430] ProcessBackground: lifting resource.name from resource {\"name\":\"projects/budik-905a7/databases/(default)/documents/alarms/V3QoK8cKfgfS6tIE8KYO\",\"service\":\"firestore.googleapis.com\"}"}}
[debug] [2021-07-12T14:57:39.880Z] [runtime-status] [257430] RunBackground {"data":{"value":{"name":"projects/budik-905a7/databases/(default)/documents/alarms/V3QoK8cKfgfS6tIE8KYO","fields":{"label":{"stringValue":""},"repeat":{"integerValue":"0"},"time":{"stringValue":"16:57"},"status":{"booleanValue":true}},"createTime":"2021-07-12T14:57:39.838326Z","updateTime":"2021-07-12T14:57:39.838326Z"},"updateMask":{}},"context":{"eventId":"2ad495f9-aa09-4fb7-84b5-5611850558c4","timestamp":"2021-07-12T14:57:39.838Z","eventType":"providers/cloud.firestore/eventTypes/document.write","resource":"projects/budik-905a7/databases/(default)/documents/alarms/V3QoK8cKfgfS6tIE8KYO"}} {"metadata":{"emulator":{"name":"functions"},"function":{"name":"us-central1-processAlarm"},"message":"[runtime-status] [257430] RunBackground {\"data\":{\"value\":{\"name\":\"projects/budik-905a7/databases/(default)/documents/alarms/V3QoK8cKfgfS6tIE8KYO\",\"fields\":{\"label\":{\"stringValue\":\"\"},\"repeat\":{\"integerValue\":\"0\"},\"time\":{\"stringValue\":\"16:57\"},\"status\":{\"booleanValue\":true}},\"createTime\":\"2021-07-12T14:57:39.838326Z\",\"updateTime\":\"2021-07-12T14:57:39.838326Z\"},\"updateMask\":{}},\"context\":{\"eventId\":\"2ad495f9-aa09-4fb7-84b5-5611850558c4\",\"timestamp\":\"2021-07-12T14:57:39.838Z\",\"eventType\":\"providers/cloud.firestore/eventTypes/document.write\",\"resource\":\"projects/budik-905a7/databases/(default)/documents/alarms/V3QoK8cKfgfS6tIE8KYO\"}}"}}
[info] >  [ '2021-07-13T16:57:00.000+00:00' ] {"user":"[ '2021-07-13T16:57:00.000+00:00' ]","metadata":{"emulator":{"name":"functions"},"function":{"name":"us-central1-processAlarm"},"message":"\u001b[90m> \u001b[39m [ '2021-07-13T16:57:00.000+00:00' ]"}}
[debug] [2021-07-12T14:57:39.898Z] [runtime-status] [257430] Ephemeral server survived. {"metadata":{"emulator":{"name":"functions"},"function":{"name":"us-central1-processAlarm"},"message":"[runtime-status] [257430] Ephemeral server survived."}}
[info] i  functions: Finished "us-central1-processAlarm" in ~1s {"metadata":{"emulator":{"name":"functions"},"function":{"name":"us-central1-processAlarm"},"message":"Finished \"us-central1-processAlarm\" in ~1s"}}
[debug] [2021-07-12T14:57:39.899Z] [worker-us-central1-processAlarm-e0b77ad4-03aa-4549-87d9-6860725f5775]: IDLE {"metadata":{"emulator":{"name":"functions"},"message":"[worker-us-central1-processAlarm-e0b77ad4-03aa-4549-87d9-6860725f5775]: IDLE"}}
[debug] [2021-07-12T14:57:39.900Z] [work-queue] {"queueLength":0,"workRunningCount":0}
[debug] [2021-07-12T14:57:43.530Z] Jul 12, 2021 4:57:43 PM io.gapi.emulators.netty.HttpVersionRoutingHandler channelRead
INFO: Detected non-HTTP/2 connection.
 {"metadata":{"emulator":{"name":"firestore"},"message":"Jul 12, 2021 4:57:43 PM io.gapi.emulators.netty.HttpVersionRoutingHandler channelRead\nINFO: Detected non-HTTP/2 connection.\n"}}
[debug] [2021-07-12T14:57:43.598Z] [work-queue] {"queueLength":1,"workRunningCount":0}
[debug] [2021-07-12T14:57:43.598Z] [work-queue] {"queueLength":0,"workRunningCount":1}
[debug] [2021-07-12T14:57:43.598Z] Accepted request POST /functions/projects/budik-905a7/triggers/us-central1-processAlarm-0 --> us-central1-processAlarm-0 {"metadata":{"emulator":{"name":"functions"},"message":"Accepted request POST /functions/projects/budik-905a7/triggers/us-central1-processAlarm-0 --> us-central1-processAlarm-0"}}
[debug] [2021-07-12T14:57:43.599Z] [worker-pool] submitWork(triggerId=us-central1-processAlarm) {"metadata":{"emulator":{"name":"functions"},"message":"[worker-pool] submitWork(triggerId=us-central1-processAlarm)"}}
[debug] [2021-07-12T14:57:43.599Z] [worker-us-central1-processAlarm-e0b77ad4-03aa-4549-87d9-6860725f5775]: Assigning socketPath: /tmp/fire_emu_257430.sock {"metadata":{"emulator":{"name":"functions"},"message":"[worker-us-central1-processAlarm-e0b77ad4-03aa-4549-87d9-6860725f5775]: Assigning socketPath: /tmp/fire_emu_257430.sock"}}
[debug] [2021-07-12T14:57:43.599Z] [worker-us-central1-processAlarm-e0b77ad4-03aa-4549-87d9-6860725f5775]: BUSY {"metadata":{"emulator":{"name":"functions"},"message":"[worker-us-central1-processAlarm-e0b77ad4-03aa-4549-87d9-6860725f5775]: BUSY"}}
[debug] [2021-07-12T14:57:43.611Z] [runtime-status] [257430] Trigger "us-central1-processAlarm" has been found, beginning invocation! {"metadata":{"emulator":{"name":"functions"},"function":{"name":"us-central1-processAlarm"},"message":"[runtime-status] [257430] Trigger \"us-central1-processAlarm\" has been found, beginning invocation!"}}
[info] i  functions: Beginning execution of "us-central1-processAlarm" {"metadata":{"emulator":{"name":"functions"},"function":{"name":"us-central1-processAlarm"},"message":"Beginning execution of \"us-central1-processAlarm\""}}
[debug] [2021-07-12T14:57:43.612Z] [runtime-status] [257430] triggerDefinition {"eventTrigger":{"resource":"projects/budik-905a7/databases/(default)/documents/alarms/{alarmId}","eventType":"providers/cloud.firestore/eventTypes/document.write","service":"firestore.googleapis.com"},"name":"processAlarm","entryPoint":"processAlarm","regions":["us-central1"],"region":"us-central1","id":"us-central1-processAlarm"} {"metadata":{"emulator":{"name":"functions"},"function":{"name":"us-central1-processAlarm"},"message":"[runtime-status] [257430] triggerDefinition {\"eventTrigger\":{\"resource\":\"projects/budik-905a7/databases/(default)/documents/alarms/{alarmId}\",\"eventType\":\"providers/cloud.firestore/eventTypes/document.write\",\"service\":\"firestore.googleapis.com\"},\"name\":\"processAlarm\",\"entryPoint\":\"processAlarm\",\"regions\":[\"us-central1\"],\"region\":\"us-central1\",\"id\":\"us-central1-processAlarm\"}"}}
[debug] [2021-07-12T14:57:43.613Z] [runtime-status] [257430] Running us-central1-processAlarm in mode BACKGROUND {"metadata":{"emulator":{"name":"functions"},"function":{"name":"us-central1-processAlarm"},"message":"[runtime-status] [257430] Running us-central1-processAlarm in mode BACKGROUND"}}
[debug] [2021-07-12T14:57:43.613Z] [runtime-status] [257430] ProcessBackground {"data":{"value":{"name":"projects/budik-905a7/databases/(default)/documents/alarms/V3QoK8cKfgfS6tIE8KYO","fields":{"label":{"stringValue":""},"repeat":{"integerValue":"0"},"status":{"booleanValue":true},"id":{"stringValue":"V3QoK8cKfgfS6tIE8KYO"},"time":{"stringValue":"18:30"}},"createTime":"2021-07-12T14:57:39.838326Z","updateTime":"2021-07-12T14:57:43.549690Z"},"oldValue":{"name":"projects/budik-905a7/databases/(default)/documents/alarms/V3QoK8cKfgfS6tIE8KYO","fields":{"label":{"stringValue":""},"repeat":{"integerValue":"0"},"time":{"stringValue":"16:57"},"status":{"booleanValue":true}},"createTime":"2021-07-12T14:57:39.838326Z","updateTime":"2021-07-12T14:57:39.838326Z"},"updateMask":{}},"context":{"eventId":"4dec83e3-8fdf-4716-92e9-d2cab267a2e4","timestamp":"2021-07-12T14:57:43.549Z","eventType":"providers/cloud.firestore/eventTypes/document.write","resource":{"name":"projects/budik-905a7/databases/(default)/documents/alarms/V3QoK8cKfgfS6tIE8KYO","service":"firestore.googleapis.com"}}} {"metadata":{"emulator":{"name":"functions"},"function":{"name":"us-central1-processAlarm"},"message":"[runtime-status] [257430] ProcessBackground {\"data\":{\"value\":{\"name\":\"projects/budik-905a7/databases/(default)/documents/alarms/V3QoK8cKfgfS6tIE8KYO\",\"fields\":{\"label\":{\"stringValue\":\"\"},\"repeat\":{\"integerValue\":\"0\"},\"status\":{\"booleanValue\":true},\"id\":{\"stringValue\":\"V3QoK8cKfgfS6tIE8KYO\"},\"time\":{\"stringValue\":\"18:30\"}},\"createTime\":\"2021-07-12T14:57:39.838326Z\",\"updateTime\":\"2021-07-12T14:57:43.549690Z\"},\"oldValue\":{\"name\":\"projects/budik-905a7/databases/(default)/documents/alarms/V3QoK8cKfgfS6tIE8KYO\",\"fields\":{\"label\":{\"stringValue\":\"\"},\"repeat\":{\"integerValue\":\"0\"},\"time\":{\"stringValue\":\"16:57\"},\"status\":{\"booleanValue\":true}},\"createTime\":\"2021-07-12T14:57:39.838326Z\",\"updateTime\":\"2021-07-12T14:57:39.838326Z\"},\"updateMask\":{}},\"context\":{\"eventId\":\"4dec83e3-8fdf-4716-92e9-d2cab267a2e4\",\"timestamp\":\"2021-07-12T14:57:43.549Z\",\"eventType\":\"providers/cloud.firestore/eventTypes/document.write\",\"resource\":{\"name\":\"projects/budik-905a7/databases/(default)/documents/alarms/V3QoK8cKfgfS6tIE8KYO\",\"service\":\"firestore.googleapis.com\"}}}"}}
[debug] [2021-07-12T14:57:43.613Z] [runtime-status] [257430] ProcessBackground: lifting resource.name from resource {"name":"projects/budik-905a7/databases/(default)/documents/alarms/V3QoK8cKfgfS6tIE8KYO","service":"firestore.googleapis.com"} {"metadata":{"emulator":{"name":"functions"},"function":{"name":"us-central1-processAlarm"},"message":"[runtime-status] [257430] ProcessBackground: lifting resource.name from resource {\"name\":\"projects/budik-905a7/databases/(default)/documents/alarms/V3QoK8cKfgfS6tIE8KYO\",\"service\":\"firestore.googleapis.com\"}"}}
[debug] [2021-07-12T14:57:43.614Z] [runtime-status] [257430] RunBackground {"data":{"value":{"name":"projects/budik-905a7/databases/(default)/documents/alarms/V3QoK8cKfgfS6tIE8KYO","fields":{"label":{"stringValue":""},"repeat":{"integerValue":"0"},"status":{"booleanValue":true},"id":{"stringValue":"V3QoK8cKfgfS6tIE8KYO"},"time":{"stringValue":"18:30"}},"createTime":"2021-07-12T14:57:39.838326Z","updateTime":"2021-07-12T14:57:43.549690Z"},"oldValue":{"name":"projects/budik-905a7/databases/(default)/documents/alarms/V3QoK8cKfgfS6tIE8KYO","fields":{"label":{"stringValue":""},"repeat":{"integerValue":"0"},"time":{"stringValue":"16:57"},"status":{"booleanValue":true}},"createTime":"2021-07-12T14:57:39.838326Z","updateTime":"2021-07-12T14:57:39.838326Z"},"updateMask":{}},"context":{"eventId":"4dec83e3-8fdf-4716-92e9-d2cab267a2e4","timestamp":"2021-07-12T14:57:43.549Z","eventType":"providers/cloud.firestore/eventTypes/document.write","resource":"projects/budik-905a7/databases/(default)/documents/alarms/V3QoK8cKfgfS6tIE8KYO"}} {"metadata":{"emulator":{"name":"functions"},"function":{"name":"us-central1-processAlarm"},"message":"[runtime-status] [257430] RunBackground {\"data\":{\"value\":{\"name\":\"projects/budik-905a7/databases/(default)/documents/alarms/V3QoK8cKfgfS6tIE8KYO\",\"fields\":{\"label\":{\"stringValue\":\"\"},\"repeat\":{\"integerValue\":\"0\"},\"status\":{\"booleanValue\":true},\"id\":{\"stringValue\":\"V3QoK8cKfgfS6tIE8KYO\"},\"time\":{\"stringValue\":\"18:30\"}},\"createTime\":\"2021-07-12T14:57:39.838326Z\",\"updateTime\":\"2021-07-12T14:57:43.549690Z\"},\"oldValue\":{\"name\":\"projects/budik-905a7/databases/(default)/documents/alarms/V3QoK8cKfgfS6tIE8KYO\",\"fields\":{\"label\":{\"stringValue\":\"\"},\"repeat\":{\"integerValue\":\"0\"},\"time\":{\"stringValue\":\"16:57\"},\"status\":{\"booleanValue\":true}},\"createTime\":\"2021-07-12T14:57:39.838326Z\",\"updateTime\":\"2021-07-12T14:57:39.838326Z\"},\"updateMask\":{}},\"context\":{\"eventId\":\"4dec83e3-8fdf-4716-92e9-d2cab267a2e4\",\"timestamp\":\"2021-07-12T14:57:43.549Z\",\"eventType\":\"providers/cloud.firestore/eventTypes/document.write\",\"resource\":\"projects/budik-905a7/databases/(default)/documents/alarms/V3QoK8cKfgfS6tIE8KYO\"}}"}}
[info] >  [ '2021-07-13T18:30:00.000+00:00' ] {"user":"[ '2021-07-13T18:30:00.000+00:00' ]","metadata":{"emulator":{"name":"functions"},"function":{"name":"us-central1-processAlarm"},"message":"\u001b[90m> \u001b[39m [ '2021-07-13T18:30:00.000+00:00' ]"}}
[debug] [2021-07-12T14:57:43.644Z] [runtime-status] [257430] Ephemeral server survived. {"metadata":{"emulator":{"name":"functions"},"function":{"name":"us-central1-processAlarm"},"message":"[runtime-status] [257430] Ephemeral server survived."}}
[info] i  functions: Finished "us-central1-processAlarm" in ~1s {"metadata":{"emulator":{"name":"functions"},"function":{"name":"us-central1-processAlarm"},"message":"Finished \"us-central1-processAlarm\" in ~1s"}}
[debug] [2021-07-12T14:57:43.645Z] [worker-us-central1-processAlarm-e0b77ad4-03aa-4549-87d9-6860725f5775]: IDLE {"metadata":{"emulator":{"name":"functions"},"message":"[worker-us-central1-processAlarm-e0b77ad4-03aa-4549-87d9-6860725f5775]: IDLE"}}
[debug] [2021-07-12T14:57:43.646Z] [work-queue] {"queueLength":0,"workRunningCount":0}
[debug] [2021-07-12T14:58:13.605Z] Jul 12, 2021 4:58:13 PM io.gapi.emulators.netty.HttpVersionRoutingHandler channelRead
INFO: Detected non-HTTP/2 connection.
 {"metadata":{"emulator":{"name":"firestore"},"message":"Jul 12, 2021 4:58:13 PM io.gapi.emulators.netty.HttpVersionRoutingHandler channelRead\nINFO: Detected non-HTTP/2 connection.\n"}}
